<?xml version="1.0" encoding="UTF-8"?>
<testsuite name="eterial_vc.eterial.EterialApplicationTests" tests="1" skipped="0" failures="0" errors="0" timestamp="2025-06-14T13:24:33.232Z" hostname="leha-debian" time="0.434">
  <properties/>
  <testcase name="contextLoads()" classname="eterial_vc.eterial.EterialApplicationTests" time="0.434"/>
  <system-out><![CDATA[18:24:31.979 [Test worker] INFO org.springframework.test.context.support.AnnotationConfigContextLoaderUtils -- Could not detect default configuration classes for test class [eterial_vc.eterial.EterialApplicationTests]: EterialApplicationTests does not declare any static, non-private, non-final, nested classes annotated with @Configuration.
18:24:32.062 [Test worker] INFO org.springframework.boot.test.context.SpringBootTestContextBootstrapper -- Found @SpringBootConfiguration eterial_vc.eterial.EterialApplication for test class eterial_vc.eterial.EterialApplicationTests

  .   ____          _            __ _ _
 /\\ / ___'_ __ _ _(_)_ __  __ _ \ \ \ \
( ( )\___ | '_ | '_| | '_ \/ _` | \ \ \ \
 \\/  ___)| |_)| | | | | || (_| |  ) ) ) )
  '  |____| .__|_| |_|_| |_\__, | / / / /
 =========|_|==============|___/=/_/_/_/

 :: Spring Boot ::                (v3.5.0)

2025-06-14T18:24:32.357+05:00  WARN 11581 --- [eterial] [    Test worker] ory$DuplicateJsonObjectContextCustomizer : 

Found multiple occurrences of org.json.JSONObject on the class path:

	jar:file:/home/cheminov/.gradle/caches/modules-2/files-2.1/org.json/json/20171018/36ced462c97f0845b4a7b266a25cebe95d18baa3/json-20171018.jar!/org/json/JSONObject.class
	jar:file:/home/cheminov/.gradle/caches/modules-2/files-2.1/com.vaadin.external.google/android-json/0.0.20131108.vaadin1/fa26d351fe62a6a17f5cda1287c1c6110dec413f/android-json-0.0.20131108.vaadin1.jar!/org/json/JSONObject.class

You may wish to exclude one of them to ensure predictable runtime behavior

2025-06-14T18:24:32.367+05:00  INFO 11581 --- [eterial] [    Test worker] e.eterial.EterialApplicationTests        : Starting EterialApplicationTests using Java 17.0.15 with PID 11581 (started by cheminov in /home/cheminov/Документы/projects/springboot/java-webrtc-eterial/project)
2025-06-14T18:24:32.368+05:00  INFO 11581 --- [eterial] [    Test worker] e.eterial.EterialApplicationTests        : No active profile set, falling back to 1 default profile: "default"
2025-06-14T18:24:33.077+05:00  INFO 11581 --- [eterial] [    Test worker] o.s.b.a.w.s.WelcomePageHandlerMapping    : Adding welcome page template: index
2025-06-14T18:24:33.212+05:00  INFO 11581 --- [eterial] [    Test worker] o.s.m.s.b.SimpleBrokerMessageHandler     : Starting...
2025-06-14T18:24:33.213+05:00  INFO 11581 --- [eterial] [    Test worker] o.s.m.s.b.SimpleBrokerMessageHandler     : BrokerAvailabilityEvent[available=true, SimpleBrokerMessageHandler [org.springframework.messaging.simp.broker.DefaultSubscriptionRegistry@7197b07f]]
2025-06-14T18:24:33.214+05:00  INFO 11581 --- [eterial] [    Test worker] o.s.m.s.b.SimpleBrokerMessageHandler     : Started.
2025-06-14T18:24:33.224+05:00  INFO 11581 --- [eterial] [    Test worker] e.eterial.EterialApplicationTests        : Started EterialApplicationTests in 1.059 seconds (process running for 1.863)
]]></system-out>
  <system-err><![CDATA[]]></system-err>
</testsuite>
