<?xml version="1.0" encoding="UTF-8"?>
<testsuite name="eterial_vc.eterial.EterialApplicationTests" tests="1" skipped="0" failures="0" errors="0" timestamp="2025-06-07T13:53:51.341Z" hostname="leha-debian" time="0.426">
  <properties/>
  <testcase name="contextLoads()" classname="eterial_vc.eterial.EterialApplicationTests" time="0.426"/>
  <system-out><![CDATA[18:53:50.086 [Test worker] INFO org.springframework.test.context.support.AnnotationConfigContextLoaderUtils -- Could not detect default configuration classes for test class [eterial_vc.eterial.EterialApplicationTests]: EterialApplicationTests does not declare any static, non-private, non-final, nested classes annotated with @Configuration.
18:53:50.157 [Test worker] INFO org.springframework.boot.test.context.SpringBootTestContextBootstrapper -- Found @SpringBootConfiguration eterial_vc.eterial.EterialApplication for test class eterial_vc.eterial.EterialApplicationTests

  .   ____          _            __ _ _
 /\\ / ___'_ __ _ _(_)_ __  __ _ \ \ \ \
( ( )\___ | '_ | '_| | '_ \/ _` | \ \ \ \
 \\/  ___)| |_)| | | | | || (_| |  ) ) ) )
  '  |____| .__|_| |_|_| |_\__, | / / / /
 =========|_|==============|___/=/_/_/_/

 :: Spring Boot ::                (v3.5.0)

2025-06-07T18:53:50.445+05:00  WARN 14873 --- [eterial] [    Test worker] ory$DuplicateJsonObjectContextCustomizer : 

Found multiple occurrences of org.json.JSONObject on the class path:

	jar:file:/home/cheminov/.gradle/caches/modules-2/files-2.1/org.json/json/20171018/36ced462c97f0845b4a7b266a25cebe95d18baa3/json-20171018.jar!/org/json/JSONObject.class
	jar:file:/home/cheminov/.gradle/caches/modules-2/files-2.1/com.vaadin.external.google/android-json/0.0.20131108.vaadin1/fa26d351fe62a6a17f5cda1287c1c6110dec413f/android-json-0.0.20131108.vaadin1.jar!/org/json/JSONObject.class

You may wish to exclude one of them to ensure predictable runtime behavior

2025-06-07T18:53:50.455+05:00  INFO 14873 --- [eterial] [    Test worker] e.eterial.EterialApplicationTests        : Starting EterialApplicationTests using Java 17.0.15 with PID 14873 (started by cheminov in /home/cheminov/Документы/projects/project01/eterial)
2025-06-07T18:53:50.456+05:00  INFO 14873 --- [eterial] [    Test worker] e.eterial.EterialApplicationTests        : No active profile set, falling back to 1 default profile: "default"
2025-06-07T18:53:51.174+05:00  INFO 14873 --- [eterial] [    Test worker] o.s.b.a.w.s.WelcomePageHandlerMapping    : Adding welcome page template: index
2025-06-07T18:53:51.317+05:00  INFO 14873 --- [eterial] [    Test worker] o.s.m.s.b.SimpleBrokerMessageHandler     : Starting...
2025-06-07T18:53:51.319+05:00  INFO 14873 --- [eterial] [    Test worker] o.s.m.s.b.SimpleBrokerMessageHandler     : BrokerAvailabilityEvent[available=true, SimpleBrokerMessageHandler [org.springframework.messaging.simp.broker.DefaultSubscriptionRegistry@166c2c17]]
2025-06-07T18:53:51.320+05:00  INFO 14873 --- [eterial] [    Test worker] o.s.m.s.b.SimpleBrokerMessageHandler     : Started.
2025-06-07T18:53:51.331+05:00  INFO 14873 --- [eterial] [    Test worker] e.eterial.EterialApplicationTests        : Started EterialApplicationTests in 1.072 seconds (process running for 1.768)
]]></system-out>
  <system-err><![CDATA[]]></system-err>
</testsuite>
